2026-03-18 17:24:02,316 - INFO - ingesting begin_inventory.csv into the database
2026-03-18 17:24:07,268 - INFO - ingesting end_inventory.csv into the database
2026-03-18 17:24:25,794 - INFO - ingesting purchases.csv into the database
2026-03-18 17:25:55,128 - INFO - ingesting purchase_prices.csv into the database
2026-03-18 17:26:56,303 - INFO - ingesting sales.csv into the database
2026-03-18 17:40:23,469 - INFO - ingesting vendor_invoice.csv into the database
2026-03-18 17:40:23,908 - INFO - 
Total Time taken: 16.373585263888042 minutes
2026-03-18 17:40:23,909 - INFO - ingestion completed successfully
2026-03-18 18:02:31,893 - INFO - Ingesting begin_inventory.csv into the database
2026-03-18 18:02:37,810 - INFO - Ingesting end_inventory.csv into the database
2026-03-18 18:02:56,518 - INFO - Ingesting purchases.csv into the database
2026-03-18 18:04:20,132 - INFO - Ingesting purchase_prices.csv into the database
2026-03-18 18:05:08,113 - INFO - Ingesting sales.csv into the database
2026-03-18 18:16:05,479 - INFO - Ingesting vendor_invoice.csv into the database
2026-03-18 18:16:06,096 - INFO - 
Total Time taken: 13.59 minutes
2026-03-18 18:16:06,097 - INFO - Ingestion completed successfully
2026-03-23 16:51:55,538 - INFO - creating Vendor Summary Table...
2026-03-23 17:03:23,267 - INFO - creating Vendor Summary Table...
2026-03-23 17:04:29,651 - INFO -    VendorNumber                   VendorName  Brand              Description  \
0          1128  BROWN-FORMAN CORP             1233  Jack Daniels No 7 Black   
1          4425        MARTIGNETTI COMPANIES   3405    Tito's Handmade Vodka   
2         17035  PERNOD RICARD USA             8068         Absolut 80 Proof   
3          3960  DIAGEO NORTH AMERICA INC      4261   Capt Morgan Spiced Rum   
4          3960  DIAGEO NORTH AMERICA INC      3545          Ketel One Vodka   

   PurchasePrice  ActualPrice Volume  TotalPurchaseQuantity  \
0          26.27        36.99   1750                 145080   
1          23.19        28.99   1750                 164038   
2          18.24        24.99   1750                 187407   
3          16.17        22.99   1750                 201682   
4          21.89        29.99   1750                 138109   

   TotalPurchaseAmount  TotalSalesQuantity  TotalSalesAmount  TotalSalesPrice  \
0           3811251.60            142049.0        5101919.51        672819.31   
1           3804041.22            160247.0        4819073.49        561512.37   
2           3418303.68            187140.0        4538120.60        461140.15   
3           3261197.94            200412.0        4475972.88        420050.01   
4           3023206.01            135838.0        4223107.62        545778.28   

   TotalExciseTax  TotalFreightCost  
0       260999.20          68601.68  
1       294438.66         144929.24  
2       343854.07         123780.22  
3       368242.80         257032.07  
4       249587.83         257032.07  
2026-03-23 17:04:29,661 - INFO - cleaning data...
2026-03-23 17:06:21,320 - INFO - creating Vendor Summary Table...
2026-03-23 17:07:16,418 - INFO -    VendorNumber                   VendorName  Brand              Description  \
0          1128  BROWN-FORMAN CORP             1233  Jack Daniels No 7 Black   
1          4425        MARTIGNETTI COMPANIES   3405    Tito's Handmade Vodka   
2         17035  PERNOD RICARD USA             8068         Absolut 80 Proof   
3          3960  DIAGEO NORTH AMERICA INC      4261   Capt Morgan Spiced Rum   
4          3960  DIAGEO NORTH AMERICA INC      3545          Ketel One Vodka   

   PurchasePrice  ActualPrice Volume  TotalPurchaseQuantity  \
0          26.27        36.99   1750                 145080   
1          23.19        28.99   1750                 164038   
2          18.24        24.99   1750                 187407   
3          16.17        22.99   1750                 201682   
4          21.89        29.99   1750                 138109   

   TotalPurchaseAmount  TotalSalesQuantity  TotalSalesAmount  TotalSalesPrice  \
0           3811251.60            142049.0        5101919.51        672819.31   
1           3804041.22            160247.0        4819073.49        561512.37   
2           3418303.68            187140.0        4538120.60        461140.15   
3           3261197.94            200412.0        4475972.88        420050.01   
4           3023206.01            135838.0        4223107.62        545778.28   

   TotalExciseTax  TotalFreightCost  
0       260999.20          68601.68  
1       294438.66         144929.24  
2       343854.07         123780.22  
3       368242.80         257032.07  
4       249587.83         257032.07  
2026-03-23 17:07:16,426 - INFO - cleaning data...
2026-03-23 17:10:50,779 - INFO - creating Vendor Summary Table...
2026-03-23 17:11:46,401 - INFO -    VendorNumber                   VendorName  Brand              Description  \
0          1128  BROWN-FORMAN CORP             1233  Jack Daniels No 7 Black   
1          4425        MARTIGNETTI COMPANIES   3405    Tito's Handmade Vodka   
2         17035  PERNOD RICARD USA             8068         Absolut 80 Proof   
3          3960  DIAGEO NORTH AMERICA INC      4261   Capt Morgan Spiced Rum   
4          3960  DIAGEO NORTH AMERICA INC      3545          Ketel One Vodka   

   PurchasePrice  ActualPrice Volume  TotalPurchaseQuantity  \
0          26.27        36.99   1750                 145080   
1          23.19        28.99   1750                 164038   
2          18.24        24.99   1750                 187407   
3          16.17        22.99   1750                 201682   
4          21.89        29.99   1750                 138109   

   TotalPurchaseAmount  TotalSalesQuantity  TotalSalesAmount  TotalSalesPrice  \
0           3811251.60            142049.0        5101919.51        672819.31   
1           3804041.22            160247.0        4819073.49        561512.37   
2           3418303.68            187140.0        4538120.60        461140.15   
3           3261197.94            200412.0        4475972.88        420050.01   
4           3023206.01            135838.0        4223107.62        545778.28   

   TotalExciseTax  TotalFreightCost  
0       260999.20          68601.68  
1       294438.66         144929.24  
2       343854.07         123780.22  
3       368242.80         257032.07  
4       249587.83         257032.07  
2026-03-23 17:11:46,411 - INFO - cleaning data...
2026-03-23 17:14:50,025 - INFO - creating Vendor Summary Table...
2026-03-23 17:15:45,964 - INFO -    VendorNumber                   VendorName  Brand              Description  \
0          1128  BROWN-FORMAN CORP             1233  Jack Daniels No 7 Black   
1          4425        MARTIGNETTI COMPANIES   3405    Tito's Handmade Vodka   
2         17035  PERNOD RICARD USA             8068         Absolut 80 Proof   
3          3960  DIAGEO NORTH AMERICA INC      4261   Capt Morgan Spiced Rum   
4          3960  DIAGEO NORTH AMERICA INC      3545          Ketel One Vodka   

   PurchasePrice  ActualPrice Volume  TotalPurchaseQuantity  \
0          26.27        36.99   1750                 145080   
1          23.19        28.99   1750                 164038   
2          18.24        24.99   1750                 187407   
3          16.17        22.99   1750                 201682   
4          21.89        29.99   1750                 138109   

   TotalPurchaseAmount  TotalSalesQuantity  TotalSalesAmount  TotalSalesPrice  \
0           3811251.60            142049.0        5101919.51        672819.31   
1           3804041.22            160247.0        4819073.49        561512.37   
2           3418303.68            187140.0        4538120.60        461140.15   
3           3261197.94            200412.0        4475972.88        420050.01   
4           3023206.01            135838.0        4223107.62        545778.28   

   TotalExciseTax  TotalFreightCost  
0       260999.20          68601.68  
1       294438.66         144929.24  
2       343854.07         123780.22  
3       368242.80         257032.07  
4       249587.83         257032.07  
2026-03-23 17:15:45,972 - INFO - cleaning data...
2026-03-23 17:15:45,992 - INFO -    VendorNumber                VendorName  Brand              Description  \
0          1128         BROWN-FORMAN CORP   1233  Jack Daniels No 7 Black   
1          4425     MARTIGNETTI COMPANIES   3405    Tito's Handmade Vodka   
2         17035         PERNOD RICARD USA   8068         Absolut 80 Proof   
3          3960  DIAGEO NORTH AMERICA INC   4261   Capt Morgan Spiced Rum   
4          3960  DIAGEO NORTH AMERICA INC   3545          Ketel One Vodka   

   PurchasePrice  ActualPrice  Volume  TotalPurchaseQuantity  \
0          26.27        36.99  1750.0                 145080   
1          23.19        28.99  1750.0                 164038   
2          18.24        24.99  1750.0                 187407   
3          16.17        22.99  1750.0                 201682   
4          21.89        29.99  1750.0                 138109   

   TotalPurchaseAmount  TotalSalesQuantity  TotalSalesAmount  TotalSalesPrice  \
0           3811251.60            142049.0        5101919.51        672819.31   
1           3804041.22            160247.0        4819073.49        561512.37   
2           3418303.68            187140.0        4538120.60        461140.15   
3           3261197.94            200412.0        4475972.88        420050.01   
4           3023206.01            135838.0        4223107.62        545778.28   

   TotalExciseTax  TotalFreightCost  GrossProfit  ProfitMargin  StockTurnover  \
0       260999.20          68601.68   1290667.91     25.297693       0.979108   
1       294438.66         144929.24   1015032.27     21.062810       0.976890   
2       343854.07         123780.22   1119816.92     24.675786       0.998575   
3       368242.80         257032.07   1214774.94     27.139908       0.993703   
4       249587.83         257032.07   1199901.61     28.412764       0.983556   

   TotalPurchaseRatio  
0            1.338647  
1            1.266830  
2            1.327594  
3            1.372493  
4            1.396897  
2026-03-23 17:15:46,001 - INFO - ingesting data....
2026-03-23 17:15:46,221 - INFO - Completed
